<?xml version="1.0" encoding="UTF-8"?>
<testsuite name="StaticPagesControllerTest" skipped="0" failures="0" errors="0" tests="5" assertions="9" time="0.2357215320043906">
  <testcase name="test_should_get_help" classname="StaticPagesControllerTest" assertions="2" time="0.21984742000131519">
  </testcase>
  <testcase name="test_should_get_root" classname="StaticPagesControllerTest" assertions="1" time="0.003930873001081636">
  </testcase>
  <testcase name="test_should_get_about" classname="StaticPagesControllerTest" assertions="2" time="0.003930716000468237">
  </testcase>
  <testcase name="test_should_get_contact" classname="StaticPagesControllerTest" assertions="2" time="0.004134217000682838">
  </testcase>
  <testcase name="test_should_get_home" classname="StaticPagesControllerTest" assertions="2" time="0.003878306000842713">
  </testcase>
</testsuite>
